2025-06-20 00:04:09,018 [DEBUG] Consider installing rusty-rlp to improve pyrlp performance with a rust basedbackend. Not currently functional for Python 3.11
2025-06-20 00:04:09,253 [INFO] [31m[1mWARNING: This is a development server. Do not use it in a production deployment. Use a production WSGI server instead.[0m
 * Running on http://127.0.0.1:5000
2025-06-20 00:04:09,253 [INFO] [33mPress CTRL+C to quit[0m
2025-06-20 00:04:09,253 [INFO]  * Restarting with stat
2025-06-20 00:04:09,422 [DEBUG] Consider installing rusty-rlp to improve pyrlp performance with a rust basedbackend. Not currently functional for Python 3.11
2025-06-20 00:04:09,525 [WARNING]  * Debugger is active!
2025-06-20 00:04:09,529 [INFO]  * Debugger PIN: 354-168-163
2025-06-20 00:04:23,425 [DEBUG] Consider installing rusty-rlp to improve pyrlp performance with a rust basedbackend. Not currently functional for Python 3.11
2025-06-20 00:04:23,533 [INFO] [31m[1mWARNING: This is a development server. Do not use it in a production deployment. Use a production WSGI server instead.[0m
 * Running on http://127.0.0.1:5000
2025-06-20 00:04:23,533 [INFO] [33mPress CTRL+C to quit[0m
2025-06-20 00:04:23,534 [INFO]  * Restarting with stat
2025-06-20 00:04:23,709 [DEBUG] Consider installing rusty-rlp to improve pyrlp performance with a rust basedbackend. Not currently functional for Python 3.11
2025-06-20 00:04:23,812 [WARNING]  * Debugger is active!
2025-06-20 00:04:23,815 [INFO]  * Debugger PIN: 354-168-163
2025-06-20 00:04:46,507 [DEBUG] Consider installing rusty-rlp to improve pyrlp performance with a rust basedbackend. Not currently functional for Python 3.11
2025-06-20 00:04:46,616 [INFO] [31m[1mWARNING: This is a development server. Do not use it in a production deployment. Use a production WSGI server instead.[0m
 * Running on http://127.0.0.1:5000
2025-06-20 00:04:46,616 [INFO] [33mPress CTRL+C to quit[0m
2025-06-20 00:04:46,617 [INFO]  * Restarting with stat
2025-06-20 00:04:46,783 [DEBUG] Consider installing rusty-rlp to improve pyrlp performance with a rust basedbackend. Not currently functional for Python 3.11
2025-06-20 00:04:46,887 [WARNING]  * Debugger is active!
2025-06-20 00:04:46,891 [INFO]  * Debugger PIN: 354-168-163
2025-06-20 00:05:03,406 [DEBUG] Consider installing rusty-rlp to improve pyrlp performance with a rust basedbackend. Not currently functional for Python 3.11
2025-06-20 00:05:03,514 [INFO] [31m[1mWARNING: This is a development server. Do not use it in a production deployment. Use a production WSGI server instead.[0m
 * Running on http://127.0.0.1:5000
2025-06-20 00:05:03,514 [INFO] [33mPress CTRL+C to quit[0m
2025-06-20 00:05:03,514 [INFO]  * Restarting with stat
2025-06-20 00:05:03,684 [DEBUG] Consider installing rusty-rlp to improve pyrlp performance with a rust basedbackend. Not currently functional for Python 3.11
2025-06-20 00:05:03,790 [WARNING]  * Debugger is active!
2025-06-20 00:05:03,794 [INFO]  * Debugger PIN: 354-168-163
